<?xml version="1.0" encoding="UTF-8"?>
<testsuite name="com.alphadragon.domain.DomainSmokeTest" tests="3" skipped="0" failures="0" errors="0" timestamp="2026-07-07T04:19:00.349Z" hostname="CACONEVES" time="0.007">
  <properties/>
  <testcase name="shouldCreateAssemblyAndMassProperties()" classname="com.alphadragon.domain.DomainSmokeTest" time="0.001"/>
  <testcase name="shouldTranslateIntent()" classname="com.alphadragon.domain.DomainSmokeTest" time="0.003"/>
  <testcase name="shouldCreateEngineeringProjectAndBodyKernel()" classname="com.alphadragon.domain.DomainSmokeTest" time="0.002"/>
  <system-out><![CDATA[]]></system-out>
  <system-err><![CDATA[]]></system-err>
</testsuite>
