<?xml version="1.0" encoding="UTF-8"?>
<testsuite name="com.alphadragon.application.CreateFeatureAndSketchUseCaseTest" tests="1" skipped="0" failures="0" errors="0" timestamp="2026-07-07T04:19:00.315Z" hostname="CACONEVES" time="0.006">
  <properties/>
  <testcase name="shouldCreateFeatureSketchAndParameter()" classname="com.alphadragon.application.CreateFeatureAndSketchUseCaseTest" time="0.004"/>
  <system-out><![CDATA[]]></system-out>
  <system-err><![CDATA[]]></system-err>
</testsuite>
