<?xml version="1.0" encoding="UTF-8"?>
<testsuite name="com.alphadragon.application.TrackFeatureEvolutionUseCaseTest" tests="1" skipped="0" failures="0" errors="0" timestamp="2026-07-07T04:19:00.334Z" hostname="CACONEVES" time="0.003">
  <properties/>
  <testcase name="shouldTrackParameterEvolutionForFeature()" classname="com.alphadragon.application.TrackFeatureEvolutionUseCaseTest" time="0.003"/>
  <system-out><![CDATA[]]></system-out>
  <system-err><![CDATA[]]></system-err>
</testsuite>
