<?xml version="1.0" encoding="UTF-8"?>
<testsuite name="com.alphadragon.application.ApplicationUseCaseTest" tests="2" skipped="0" failures="0" errors="0" timestamp="2026-07-07T04:19:00.242Z" hostname="CACONEVES" time="0.061">
  <properties/>
  <testcase name="shouldCreateProjectFromUseCase()" classname="com.alphadragon.application.ApplicationUseCaseTest" time="0.032"/>
  <testcase name="shouldAddAssemblyToProject()" classname="com.alphadragon.application.ApplicationUseCaseTest" time="0.006"/>
  <system-out><![CDATA[]]></system-out>
  <system-err><![CDATA[]]></system-err>
</testsuite>
