<?xml version="1.0" encoding="UTF-8"?>
<testsuite name="com.alphadragon.domain.EngineeringRuleEngineTest" tests="2" skipped="0" failures="0" errors="0" timestamp="2026-07-07T04:19:00.357Z" hostname="CACONEVES" time="0.003">
  <properties/>
  <testcase name="shouldValidateProjectsWithAssemblies()" classname="com.alphadragon.domain.EngineeringRuleEngineTest" time="0.001"/>
  <testcase name="shouldInvalidateProjectsWithoutAssemblies()" classname="com.alphadragon.domain.EngineeringRuleEngineTest" time="0.001"/>
  <system-out><![CDATA[]]></system-out>
  <system-err><![CDATA[]]></system-err>
</testsuite>
