<?xml version="1.0" encoding="UTF-8"?>
<testsuite name="com.alphadragon.application.ValidateProjectUseCaseTest" tests="2" skipped="0" failures="0" errors="0" timestamp="2026-07-07T04:19:00.338Z" hostname="CACONEVES" time="0.009">
  <properties/>
  <testcase name="shouldReturnInvalidWhenProjectHasNoAssemblies()" classname="com.alphadragon.application.ValidateProjectUseCaseTest" time="0.005"/>
  <testcase name="shouldReturnValidWhenProjectHasAssemblies()" classname="com.alphadragon.application.ValidateProjectUseCaseTest" time="0.002"/>
  <system-out><![CDATA[]]></system-out>
  <system-err><![CDATA[]]></system-err>
</testsuite>
