<?xml version="1.0" encoding="UTF-8"?>
<testsuite name="com.alphadragon.domain.DomainSmokeTest" tests="3" skipped="0" failures="0" errors="0" timestamp="2026-07-04T20:43:55.620Z" hostname="CACONEVES" time="0.019">
  <properties/>
  <testcase name="shouldCreateAssemblyAndMassProperties()" classname="com.alphadragon.domain.DomainSmokeTest" time="0.003"/>
  <testcase name="shouldTranslateIntent()" classname="com.alphadragon.domain.DomainSmokeTest" time="0.005"/>
  <testcase name="shouldCreateEngineeringProjectAndBodyKernel()" classname="com.alphadragon.domain.DomainSmokeTest" time="0.009"/>
  <system-out><![CDATA[]]></system-out>
  <system-err><![CDATA[]]></system-err>
</testsuite>
