<?xml version="1.0" encoding="UTF-8"?>
<testsuite name="com.alphadragon.infrastructure.InMemoryEngineeringProjectRepositoryTest" tests="2" skipped="0" failures="0" errors="0" timestamp="2026-07-07T04:19:00.362Z" hostname="CACONEVES" time="0.004">
  <properties/>
  <testcase name="shouldSaveAndLoadProjectById()" classname="com.alphadragon.infrastructure.InMemoryEngineeringProjectRepositoryTest" time="0.002"/>
  <testcase name="shouldReturnNullWhenProjectDoesNotExist()" classname="com.alphadragon.infrastructure.InMemoryEngineeringProjectRepositoryTest" time="0.001"/>
  <system-out><![CDATA[]]></system-out>
  <system-err><![CDATA[]]></system-err>
</testsuite>
